<?xml version="1.0" encoding="UTF-8"?>
<testng-results ignored="0" total="1" passed="1" failed="0" skipped="0">
  <reporter-output>
  </reporter-output>
  <suite started-at="2025-10-29T03:23:15 IST" name="BannerBuzz Suite" finished-at="2025-10-29T03:24:37 IST" duration-ms="82414">
    <groups>
    </groups>
    <test started-at="2025-10-29T03:23:15 IST" name="BannerBuzz Flow" finished-at="2025-10-29T03:24:37 IST" duration-ms="82414">
      <class name="tests.BannerBuzzTest">
        <test-method is-config="true" signature="setUp()[pri:0, instance:tests.BannerBuzzTest@8dbdac1]" started-at="2025-10-29T03:23:15 IST" name="setUp" finished-at="2025-10-29T03:23:18 IST" duration-ms="3190" status="PASS">
          <reporter-output>
          </reporter-output>
        </test-method> <!-- setUp -->
        <test-method signature="bannerBuzzFlow()[pri:0, instance:tests.BannerBuzzTest@8dbdac1]" started-at="2025-10-29T03:23:18 IST" name="bannerBuzzFlow" finished-at="2025-10-29T03:24:35 IST" duration-ms="77384" status="PASS">
          <reporter-output>
          </reporter-output>
        </test-method> <!-- bannerBuzzFlow -->
        <test-method is-config="true" signature="tearDown()[pri:0, instance:tests.BannerBuzzTest@8dbdac1]" started-at="2025-10-29T03:24:35 IST" name="tearDown" finished-at="2025-10-29T03:24:37 IST" duration-ms="1756" status="PASS">
          <reporter-output>
          </reporter-output>
        </test-method> <!-- tearDown -->
      </class> <!-- tests.BannerBuzzTest -->
    </test> <!-- BannerBuzz Flow -->
  </suite> <!-- BannerBuzz Suite -->
</testng-results>
